0 info it worked if it ends with ok
1 verbose cli [ '/usr/bin/node', '/usr/bin/npm', 'install' ]
2 info using npm@1.4.28
3 info using node@v0.10.32
4 verbose node symlink /usr/bin/node
5 warn package.json dosomething-blog@0.0.1 No README data
6 verbose readDependencies using package.json deps
7 verbose install where, deps [ '/home/tommy/workspace/dosomething-blog/wp-content/themes/dosomething-blog',
7 verbose install   [ 'grunt',
7 verbose install     'grunt-contrib-clean',
7 verbose install     'grunt-contrib-copy',
7 verbose install     'grunt-contrib-cssmin',
7 verbose install     'grunt-contrib-imagemin',
7 verbose install     'grunt-contrib-jshint',
7 verbose install     'grunt-contrib-requirejs',
7 verbose install     'grunt-contrib-uglify',
7 verbose install     'grunt-contrib-watch',
7 verbose install     'grunt-sass',
7 verbose install     'grunt-scss-lint',
7 verbose install     'grunt-shell',
7 verbose install     'jshint-stylish',
7 verbose install     'load-grunt-config',
7 verbose install     'time-grunt' ] ]
8 info preinstall dosomething-blog@0.0.1
9 verbose readDependencies using package.json deps
10 verbose cache add [ 'grunt@~0.4.1', null ]
11 verbose cache add name=undefined spec="grunt@~0.4.1" args=["grunt@~0.4.1",null]
12 verbose parsed url { protocol: null,
12 verbose parsed url   slashes: null,
12 verbose parsed url   auth: null,
12 verbose parsed url   host: null,
12 verbose parsed url   port: null,
12 verbose parsed url   hostname: null,
12 verbose parsed url   hash: null,
12 verbose parsed url   search: null,
12 verbose parsed url   query: null,
12 verbose parsed url   pathname: 'grunt@~0.4.1',
12 verbose parsed url   path: 'grunt@~0.4.1',
12 verbose parsed url   href: 'grunt@~0.4.1' }
13 verbose cache add [ 'grunt-contrib-clean@^0.5.0', null ]
14 verbose cache add name=undefined spec="grunt-contrib-clean@^0.5.0" args=["grunt-contrib-clean@^0.5.0",null]
15 verbose parsed url { protocol: null,
15 verbose parsed url   slashes: null,
15 verbose parsed url   auth: null,
15 verbose parsed url   host: null,
15 verbose parsed url   port: null,
15 verbose parsed url   hostname: null,
15 verbose parsed url   hash: null,
15 verbose parsed url   search: null,
15 verbose parsed url   query: null,
15 verbose parsed url   pathname: 'grunt-contrib-clean@^0.5.0',
15 verbose parsed url   path: 'grunt-contrib-clean@^0.5.0',
15 verbose parsed url   href: 'grunt-contrib-clean@^0.5.0' }
16 verbose cache add [ 'grunt-contrib-copy@~0.5.0', null ]
17 verbose cache add name=undefined spec="grunt-contrib-copy@~0.5.0" args=["grunt-contrib-copy@~0.5.0",null]
18 verbose parsed url { protocol: null,
18 verbose parsed url   slashes: null,
18 verbose parsed url   auth: null,
18 verbose parsed url   host: null,
18 verbose parsed url   port: null,
18 verbose parsed url   hostname: null,
18 verbose parsed url   hash: null,
18 verbose parsed url   search: null,
18 verbose parsed url   query: null,
18 verbose parsed url   pathname: 'grunt-contrib-copy@~0.5.0',
18 verbose parsed url   path: 'grunt-contrib-copy@~0.5.0',
18 verbose parsed url   href: 'grunt-contrib-copy@~0.5.0' }
19 verbose cache add [ 'grunt-contrib-cssmin@~0.7.0', null ]
20 verbose cache add name=undefined spec="grunt-contrib-cssmin@~0.7.0" args=["grunt-contrib-cssmin@~0.7.0",null]
21 verbose parsed url { protocol: null,
21 verbose parsed url   slashes: null,
21 verbose parsed url   auth: null,
21 verbose parsed url   host: null,
21 verbose parsed url   port: null,
21 verbose parsed url   hostname: null,
21 verbose parsed url   hash: null,
21 verbose parsed url   search: null,
21 verbose parsed url   query: null,
21 verbose parsed url   pathname: 'grunt-contrib-cssmin@~0.7.0',
21 verbose parsed url   path: 'grunt-contrib-cssmin@~0.7.0',
21 verbose parsed url   href: 'grunt-contrib-cssmin@~0.7.0' }
22 verbose cache add name="grunt" spec="~0.4.1" args=["grunt","~0.4.1"]
23 verbose parsed url { protocol: null,
23 verbose parsed url   slashes: null,
23 verbose parsed url   auth: null,
23 verbose parsed url   host: null,
23 verbose parsed url   port: null,
23 verbose parsed url   hostname: null,
23 verbose parsed url   hash: null,
23 verbose parsed url   search: null,
23 verbose parsed url   query: null,
23 verbose parsed url   pathname: '~0.4.1',
23 verbose parsed url   path: '~0.4.1',
23 verbose parsed url   href: '~0.4.1' }
24 verbose addNamed [ 'grunt', '~0.4.1' ]
25 verbose addNamed [ null, '>=0.4.1-0 <0.5.0-0' ]
26 verbose cache add name="grunt-contrib-clean" spec="^0.5.0" args=["grunt-contrib-clean","^0.5.0"]
27 verbose parsed url { protocol: null,
27 verbose parsed url   slashes: null,
27 verbose parsed url   auth: null,
27 verbose parsed url   host: null,
27 verbose parsed url   port: null,
27 verbose parsed url   hostname: null,
27 verbose parsed url   hash: null,
27 verbose parsed url   search: null,
27 verbose parsed url   query: null,
27 verbose parsed url   pathname: '^0.5.0',
27 verbose parsed url   path: '^0.5.0',
27 verbose parsed url   href: '^0.5.0' }
28 verbose addNamed [ 'grunt-contrib-clean', '^0.5.0' ]
29 verbose addNamed [ null, '>=0.5.0-0 <0.6.0-0' ]
30 verbose cache add name="grunt-contrib-copy" spec="~0.5.0" args=["grunt-contrib-copy","~0.5.0"]
31 verbose parsed url { protocol: null,
31 verbose parsed url   slashes: null,
31 verbose parsed url   auth: null,
31 verbose parsed url   host: null,
31 verbose parsed url   port: null,
31 verbose parsed url   hostname: null,
31 verbose parsed url   hash: null,
31 verbose parsed url   search: null,
31 verbose parsed url   query: null,
31 verbose parsed url   pathname: '~0.5.0',
31 verbose parsed url   path: '~0.5.0',
31 verbose parsed url   href: '~0.5.0' }
32 verbose addNamed [ 'grunt-contrib-copy', '~0.5.0' ]
33 verbose addNamed [ null, '>=0.5.0-0 <0.6.0-0' ]
34 verbose cache add name="grunt-contrib-cssmin" spec="~0.7.0" args=["grunt-contrib-cssmin","~0.7.0"]
35 verbose parsed url { protocol: null,
35 verbose parsed url   slashes: null,
35 verbose parsed url   auth: null,
35 verbose parsed url   host: null,
35 verbose parsed url   port: null,
35 verbose parsed url   hostname: null,
35 verbose parsed url   hash: null,
35 verbose parsed url   search: null,
35 verbose parsed url   query: null,
35 verbose parsed url   pathname: '~0.7.0',
35 verbose parsed url   path: '~0.7.0',
35 verbose parsed url   href: '~0.7.0' }
36 verbose addNamed [ 'grunt-contrib-cssmin', '~0.7.0' ]
37 verbose addNamed [ null, '>=0.7.0-0 <0.8.0-0' ]
38 verbose cache add [ 'grunt-contrib-imagemin@~0.5.0', null ]
39 verbose cache add name=undefined spec="grunt-contrib-imagemin@~0.5.0" args=["grunt-contrib-imagemin@~0.5.0",null]
40 verbose parsed url { protocol: null,
40 verbose parsed url   slashes: null,
40 verbose parsed url   auth: null,
40 verbose parsed url   host: null,
40 verbose parsed url   port: null,
40 verbose parsed url   hostname: null,
40 verbose parsed url   hash: null,
40 verbose parsed url   search: null,
40 verbose parsed url   query: null,
40 verbose parsed url   pathname: 'grunt-contrib-imagemin@~0.5.0',
40 verbose parsed url   path: 'grunt-contrib-imagemin@~0.5.0',
40 verbose parsed url   href: 'grunt-contrib-imagemin@~0.5.0' }
41 verbose cache add [ 'grunt-contrib-jshint@~0.7.1', null ]
42 verbose cache add name=undefined spec="grunt-contrib-jshint@~0.7.1" args=["grunt-contrib-jshint@~0.7.1",null]
43 verbose parsed url { protocol: null,
43 verbose parsed url   slashes: null,
43 verbose parsed url   auth: null,
43 verbose parsed url   host: null,
43 verbose parsed url   port: null,
43 verbose parsed url   hostname: null,
43 verbose parsed url   hash: null,
43 verbose parsed url   search: null,
43 verbose parsed url   query: null,
43 verbose parsed url   pathname: 'grunt-contrib-jshint@~0.7.1',
43 verbose parsed url   path: 'grunt-contrib-jshint@~0.7.1',
43 verbose parsed url   href: 'grunt-contrib-jshint@~0.7.1' }
44 verbose cache add [ 'grunt-contrib-requirejs@^0.4.3', null ]
45 verbose cache add name=undefined spec="grunt-contrib-requirejs@^0.4.3" args=["grunt-contrib-requirejs@^0.4.3",null]
46 verbose parsed url { protocol: null,
46 verbose parsed url   slashes: null,
46 verbose parsed url   auth: null,
46 verbose parsed url   host: null,
46 verbose parsed url   port: null,
46 verbose parsed url   hostname: null,
46 verbose parsed url   hash: null,
46 verbose parsed url   search: null,
46 verbose parsed url   query: null,
46 verbose parsed url   pathname: 'grunt-contrib-requirejs@^0.4.3',
46 verbose parsed url   path: 'grunt-contrib-requirejs@^0.4.3',
46 verbose parsed url   href: 'grunt-contrib-requirejs@^0.4.3' }
47 silly lockFile 766a3bd3-grunt-0-4-1 grunt@~0.4.1
48 verbose lock grunt@~0.4.1 /home/tommy/.npm/766a3bd3-grunt-0-4-1.lock
49 silly lockFile b7d63f15-grunt-contrib-clean-0-5-0 grunt-contrib-clean@^0.5.0
50 verbose lock grunt-contrib-clean@^0.5.0 /home/tommy/.npm/b7d63f15-grunt-contrib-clean-0-5-0.lock
51 silly lockFile ac3d673b-grunt-contrib-copy-0-5-0 grunt-contrib-copy@~0.5.0
52 verbose lock grunt-contrib-copy@~0.5.0 /home/tommy/.npm/ac3d673b-grunt-contrib-copy-0-5-0.lock
53 silly lockFile 77b758e3-grunt-contrib-cssmin-0-7-0 grunt-contrib-cssmin@~0.7.0
54 verbose lock grunt-contrib-cssmin@~0.7.0 /home/tommy/.npm/77b758e3-grunt-contrib-cssmin-0-7-0.lock
55 verbose cache add name="grunt-contrib-imagemin" spec="~0.5.0" args=["grunt-contrib-imagemin","~0.5.0"]
56 verbose parsed url { protocol: null,
56 verbose parsed url   slashes: null,
56 verbose parsed url   auth: null,
56 verbose parsed url   host: null,
56 verbose parsed url   port: null,
56 verbose parsed url   hostname: null,
56 verbose parsed url   hash: null,
56 verbose parsed url   search: null,
56 verbose parsed url   query: null,
56 verbose parsed url   pathname: '~0.5.0',
56 verbose parsed url   path: '~0.5.0',
56 verbose parsed url   href: '~0.5.0' }
57 verbose addNamed [ 'grunt-contrib-imagemin', '~0.5.0' ]
58 verbose addNamed [ null, '>=0.5.0-0 <0.6.0-0' ]
59 silly lockFile 56c73281-grunt-contrib-imagemin-0-5-0 grunt-contrib-imagemin@~0.5.0
60 verbose lock grunt-contrib-imagemin@~0.5.0 /home/tommy/.npm/56c73281-grunt-contrib-imagemin-0-5-0.lock
61 verbose cache add name="grunt-contrib-jshint" spec="~0.7.1" args=["grunt-contrib-jshint","~0.7.1"]
62 verbose parsed url { protocol: null,
62 verbose parsed url   slashes: null,
62 verbose parsed url   auth: null,
62 verbose parsed url   host: null,
62 verbose parsed url   port: null,
62 verbose parsed url   hostname: null,
62 verbose parsed url   hash: null,
62 verbose parsed url   search: null,
62 verbose parsed url   query: null,
62 verbose parsed url   pathname: '~0.7.1',
62 verbose parsed url   path: '~0.7.1',
62 verbose parsed url   href: '~0.7.1' }
63 verbose addNamed [ 'grunt-contrib-jshint', '~0.7.1' ]
64 verbose addNamed [ null, '>=0.7.1-0 <0.8.0-0' ]
65 silly lockFile ce56e650-grunt-contrib-jshint-0-7-1 grunt-contrib-jshint@~0.7.1
66 verbose lock grunt-contrib-jshint@~0.7.1 /home/tommy/.npm/ce56e650-grunt-contrib-jshint-0-7-1.lock
67 verbose cache add [ 'grunt-contrib-uglify@~0.2.4', null ]
68 verbose cache add name=undefined spec="grunt-contrib-uglify@~0.2.4" args=["grunt-contrib-uglify@~0.2.4",null]
69 verbose parsed url { protocol: null,
69 verbose parsed url   slashes: null,
69 verbose parsed url   auth: null,
69 verbose parsed url   host: null,
69 verbose parsed url   port: null,
69 verbose parsed url   hostname: null,
69 verbose parsed url   hash: null,
69 verbose parsed url   search: null,
69 verbose parsed url   query: null,
69 verbose parsed url   pathname: 'grunt-contrib-uglify@~0.2.4',
69 verbose parsed url   path: 'grunt-contrib-uglify@~0.2.4',
69 verbose parsed url   href: 'grunt-contrib-uglify@~0.2.4' }
70 verbose cache add [ 'grunt-contrib-watch@~0.5.3', null ]
71 verbose cache add name=undefined spec="grunt-contrib-watch@~0.5.3" args=["grunt-contrib-watch@~0.5.3",null]
72 verbose parsed url { protocol: null,
72 verbose parsed url   slashes: null,
72 verbose parsed url   auth: null,
72 verbose parsed url   host: null,
72 verbose parsed url   port: null,
72 verbose parsed url   hostname: null,
72 verbose parsed url   hash: null,
72 verbose parsed url   search: null,
72 verbose parsed url   query: null,
72 verbose parsed url   pathname: 'grunt-contrib-watch@~0.5.3',
72 verbose parsed url   path: 'grunt-contrib-watch@~0.5.3',
72 verbose parsed url   href: 'grunt-contrib-watch@~0.5.3' }
73 verbose cache add [ 'grunt-sass@~0.12.1', null ]
74 verbose cache add name=undefined spec="grunt-sass@~0.12.1" args=["grunt-sass@~0.12.1",null]
75 verbose parsed url { protocol: null,
75 verbose parsed url   slashes: null,
75 verbose parsed url   auth: null,
75 verbose parsed url   host: null,
75 verbose parsed url   port: null,
75 verbose parsed url   hostname: null,
75 verbose parsed url   hash: null,
75 verbose parsed url   search: null,
75 verbose parsed url   query: null,
75 verbose parsed url   pathname: 'grunt-sass@~0.12.1',
75 verbose parsed url   path: 'grunt-sass@~0.12.1',
75 verbose parsed url   href: 'grunt-sass@~0.12.1' }
76 verbose cache add [ 'grunt-scss-lint@^0.1.11', null ]
77 verbose cache add name=undefined spec="grunt-scss-lint@^0.1.11" args=["grunt-scss-lint@^0.1.11",null]
78 verbose parsed url { protocol: null,
78 verbose parsed url   slashes: null,
78 verbose parsed url   auth: null,
78 verbose parsed url   host: null,
78 verbose parsed url   port: null,
78 verbose parsed url   hostname: null,
78 verbose parsed url   hash: null,
78 verbose parsed url   search: null,
78 verbose parsed url   query: null,
78 verbose parsed url   pathname: 'grunt-scss-lint@^0.1.11',
78 verbose parsed url   path: 'grunt-scss-lint@^0.1.11',
78 verbose parsed url   href: 'grunt-scss-lint@^0.1.11' }
79 verbose cache add name="grunt-contrib-requirejs" spec="^0.4.3" args=["grunt-contrib-requirejs","^0.4.3"]
80 verbose parsed url { protocol: null,
80 verbose parsed url   slashes: null,
80 verbose parsed url   auth: null,
80 verbose parsed url   host: null,
80 verbose parsed url   port: null,
80 verbose parsed url   hostname: null,
80 verbose parsed url   hash: null,
80 verbose parsed url   search: null,
80 verbose parsed url   query: null,
80 verbose parsed url   pathname: '^0.4.3',
80 verbose parsed url   path: '^0.4.3',
80 verbose parsed url   href: '^0.4.3' }
81 verbose addNamed [ 'grunt-contrib-requirejs', '^0.4.3' ]
82 verbose addNamed [ null, '>=0.4.3-0 <0.5.0-0' ]
83 silly lockFile 9d1830b5-grunt-contrib-requirejs-0-4-3 grunt-contrib-requirejs@^0.4.3
84 verbose lock grunt-contrib-requirejs@^0.4.3 /home/tommy/.npm/9d1830b5-grunt-contrib-requirejs-0-4-3.lock
85 verbose cache add name="grunt-contrib-uglify" spec="~0.2.4" args=["grunt-contrib-uglify","~0.2.4"]
86 verbose parsed url { protocol: null,
86 verbose parsed url   slashes: null,
86 verbose parsed url   auth: null,
86 verbose parsed url   host: null,
86 verbose parsed url   port: null,
86 verbose parsed url   hostname: null,
86 verbose parsed url   hash: null,
86 verbose parsed url   search: null,
86 verbose parsed url   query: null,
86 verbose parsed url   pathname: '~0.2.4',
86 verbose parsed url   path: '~0.2.4',
86 verbose parsed url   href: '~0.2.4' }
87 verbose addNamed [ 'grunt-contrib-uglify', '~0.2.4' ]
88 verbose addNamed [ null, '>=0.2.4-0 <0.3.0-0' ]
89 silly lockFile dcf05dfd-grunt-contrib-uglify-0-2-4 grunt-contrib-uglify@~0.2.4
90 verbose lock grunt-contrib-uglify@~0.2.4 /home/tommy/.npm/dcf05dfd-grunt-contrib-uglify-0-2-4.lock
91 verbose cache add name="grunt-contrib-watch" spec="~0.5.3" args=["grunt-contrib-watch","~0.5.3"]
92 verbose parsed url { protocol: null,
92 verbose parsed url   slashes: null,
92 verbose parsed url   auth: null,
92 verbose parsed url   host: null,
92 verbose parsed url   port: null,
92 verbose parsed url   hostname: null,
92 verbose parsed url   hash: null,
92 verbose parsed url   search: null,
92 verbose parsed url   query: null,
92 verbose parsed url   pathname: '~0.5.3',
92 verbose parsed url   path: '~0.5.3',
92 verbose parsed url   href: '~0.5.3' }
93 verbose addNamed [ 'grunt-contrib-watch', '~0.5.3' ]
94 verbose addNamed [ null, '>=0.5.3-0 <0.6.0-0' ]
95 silly lockFile b469febc-grunt-contrib-watch-0-5-3 grunt-contrib-watch@~0.5.3
96 verbose lock grunt-contrib-watch@~0.5.3 /home/tommy/.npm/b469febc-grunt-contrib-watch-0-5-3.lock
97 verbose cache add name="grunt-sass" spec="~0.12.1" args=["grunt-sass","~0.12.1"]
98 verbose parsed url { protocol: null,
98 verbose parsed url   slashes: null,
98 verbose parsed url   auth: null,
98 verbose parsed url   host: null,
98 verbose parsed url   port: null,
98 verbose parsed url   hostname: null,
98 verbose parsed url   hash: null,
98 verbose parsed url   search: null,
98 verbose parsed url   query: null,
98 verbose parsed url   pathname: '~0.12.1',
98 verbose parsed url   path: '~0.12.1',
98 verbose parsed url   href: '~0.12.1' }
99 verbose addNamed [ 'grunt-sass', '~0.12.1' ]
100 verbose addNamed [ null, '>=0.12.1-0 <0.13.0-0' ]
101 silly lockFile ac6bff79-grunt-sass-0-12-1 grunt-sass@~0.12.1
102 verbose lock grunt-sass@~0.12.1 /home/tommy/.npm/ac6bff79-grunt-sass-0-12-1.lock
103 verbose cache add [ 'grunt-shell@~0.6.1', null ]
104 verbose cache add name=undefined spec="grunt-shell@~0.6.1" args=["grunt-shell@~0.6.1",null]
105 verbose parsed url { protocol: null,
105 verbose parsed url   slashes: null,
105 verbose parsed url   auth: null,
105 verbose parsed url   host: null,
105 verbose parsed url   port: null,
105 verbose parsed url   hostname: null,
105 verbose parsed url   hash: null,
105 verbose parsed url   search: null,
105 verbose parsed url   query: null,
105 verbose parsed url   pathname: 'grunt-shell@~0.6.1',
105 verbose parsed url   path: 'grunt-shell@~0.6.1',
105 verbose parsed url   href: 'grunt-shell@~0.6.1' }
106 verbose cache add [ 'jshint-stylish@~0.1.4', null ]
107 verbose cache add name=undefined spec="jshint-stylish@~0.1.4" args=["jshint-stylish@~0.1.4",null]
108 verbose parsed url { protocol: null,
108 verbose parsed url   slashes: null,
108 verbose parsed url   auth: null,
108 verbose parsed url   host: null,
108 verbose parsed url   port: null,
108 verbose parsed url   hostname: null,
108 verbose parsed url   hash: null,
108 verbose parsed url   search: null,
108 verbose parsed url   query: null,
108 verbose parsed url   pathname: 'jshint-stylish@~0.1.4',
108 verbose parsed url   path: 'jshint-stylish@~0.1.4',
108 verbose parsed url   href: 'jshint-stylish@~0.1.4' }
109 verbose cache add [ 'load-grunt-config@^0.8.0', null ]
110 verbose cache add name=undefined spec="load-grunt-config@^0.8.0" args=["load-grunt-config@^0.8.0",null]
111 verbose parsed url { protocol: null,
111 verbose parsed url   slashes: null,
111 verbose parsed url   auth: null,
111 verbose parsed url   host: null,
111 verbose parsed url   port: null,
111 verbose parsed url   hostname: null,
111 verbose parsed url   hash: null,
111 verbose parsed url   search: null,
111 verbose parsed url   query: null,
111 verbose parsed url   pathname: 'load-grunt-config@^0.8.0',
111 verbose parsed url   path: 'load-grunt-config@^0.8.0',
111 verbose parsed url   href: 'load-grunt-config@^0.8.0' }
112 verbose cache add [ 'time-grunt@^0.3.1', null ]
113 verbose cache add name=undefined spec="time-grunt@^0.3.1" args=["time-grunt@^0.3.1",null]
114 verbose parsed url { protocol: null,
114 verbose parsed url   slashes: null,
114 verbose parsed url   auth: null,
114 verbose parsed url   host: null,
114 verbose parsed url   port: null,
114 verbose parsed url   hostname: null,
114 verbose parsed url   hash: null,
114 verbose parsed url   search: null,
114 verbose parsed url   query: null,
114 verbose parsed url   pathname: 'time-grunt@^0.3.1',
114 verbose parsed url   path: 'time-grunt@^0.3.1',
114 verbose parsed url   href: 'time-grunt@^0.3.1' }
115 verbose cache add name="grunt-scss-lint" spec="^0.1.11" args=["grunt-scss-lint","^0.1.11"]
116 verbose parsed url { protocol: null,
116 verbose parsed url   slashes: null,
116 verbose parsed url   auth: null,
116 verbose parsed url   host: null,
116 verbose parsed url   port: null,
116 verbose parsed url   hostname: null,
116 verbose parsed url   hash: null,
116 verbose parsed url   search: null,
116 verbose parsed url   query: null,
116 verbose parsed url   pathname: '^0.1.11',
116 verbose parsed url   path: '^0.1.11',
116 verbose parsed url   href: '^0.1.11' }
117 verbose addNamed [ 'grunt-scss-lint', '^0.1.11' ]
118 verbose addNamed [ null, '>=0.1.11-0 <0.2.0-0' ]
119 silly lockFile 8025b608-grunt-scss-lint-0-1-11 grunt-scss-lint@^0.1.11
120 verbose lock grunt-scss-lint@^0.1.11 /home/tommy/.npm/8025b608-grunt-scss-lint-0-1-11.lock
121 silly addNameRange { name: 'grunt', range: '>=0.4.1-0 <0.5.0-0', hasData: false }
122 silly addNameRange { name: 'grunt-contrib-clean',
122 silly addNameRange   range: '>=0.5.0-0 <0.6.0-0',
122 silly addNameRange   hasData: false }
123 silly addNameRange { name: 'grunt-contrib-copy',
123 silly addNameRange   range: '>=0.5.0-0 <0.6.0-0',
123 silly addNameRange   hasData: false }
124 silly addNameRange { name: 'grunt-contrib-cssmin',
124 silly addNameRange   range: '>=0.7.0-0 <0.8.0-0',
124 silly addNameRange   hasData: false }
125 silly addNameRange { name: 'grunt-contrib-imagemin',
125 silly addNameRange   range: '>=0.5.0-0 <0.6.0-0',
125 silly addNameRange   hasData: false }
126 silly addNameRange { name: 'grunt-contrib-jshint',
126 silly addNameRange   range: '>=0.7.1-0 <0.8.0-0',
126 silly addNameRange   hasData: false }
127 verbose cache add name="grunt-shell" spec="~0.6.1" args=["grunt-shell","~0.6.1"]
128 verbose parsed url { protocol: null,
128 verbose parsed url   slashes: null,
128 verbose parsed url   auth: null,
128 verbose parsed url   host: null,
128 verbose parsed url   port: null,
128 verbose parsed url   hostname: null,
128 verbose parsed url   hash: null,
128 verbose parsed url   search: null,
128 verbose parsed url   query: null,
128 verbose parsed url   pathname: '~0.6.1',
128 verbose parsed url   path: '~0.6.1',
128 verbose parsed url   href: '~0.6.1' }
129 verbose addNamed [ 'grunt-shell', '~0.6.1' ]
130 verbose addNamed [ null, '>=0.6.1-0 <0.7.0-0' ]
131 silly lockFile b4149749-grunt-shell-0-6-1 grunt-shell@~0.6.1
132 verbose lock grunt-shell@~0.6.1 /home/tommy/.npm/b4149749-grunt-shell-0-6-1.lock
133 verbose cache add name="jshint-stylish" spec="~0.1.4" args=["jshint-stylish","~0.1.4"]
134 verbose parsed url { protocol: null,
134 verbose parsed url   slashes: null,
134 verbose parsed url   auth: null,
134 verbose parsed url   host: null,
134 verbose parsed url   port: null,
134 verbose parsed url   hostname: null,
134 verbose parsed url   hash: null,
134 verbose parsed url   search: null,
134 verbose parsed url   query: null,
134 verbose parsed url   pathname: '~0.1.4',
134 verbose parsed url   path: '~0.1.4',
134 verbose parsed url   href: '~0.1.4' }
135 verbose addNamed [ 'jshint-stylish', '~0.1.4' ]
136 verbose addNamed [ null, '>=0.1.4-0 <0.2.0-0' ]
137 silly lockFile 740d0c14-jshint-stylish-0-1-4 jshint-stylish@~0.1.4
138 verbose lock jshint-stylish@~0.1.4 /home/tommy/.npm/740d0c14-jshint-stylish-0-1-4.lock
139 verbose cache add name="load-grunt-config" spec="^0.8.0" args=["load-grunt-config","^0.8.0"]
140 verbose parsed url { protocol: null,
140 verbose parsed url   slashes: null,
140 verbose parsed url   auth: null,
140 verbose parsed url   host: null,
140 verbose parsed url   port: null,
140 verbose parsed url   hostname: null,
140 verbose parsed url   hash: null,
140 verbose parsed url   search: null,
140 verbose parsed url   query: null,
140 verbose parsed url   pathname: '^0.8.0',
140 verbose parsed url   path: '^0.8.0',
140 verbose parsed url   href: '^0.8.0' }
141 verbose addNamed [ 'load-grunt-config', '^0.8.0' ]
142 verbose addNamed [ null, '>=0.8.0-0 <0.9.0-0' ]
143 silly lockFile 0b582b94-load-grunt-config-0-8-0 load-grunt-config@^0.8.0
144 verbose lock load-grunt-config@^0.8.0 /home/tommy/.npm/0b582b94-load-grunt-config-0-8-0.lock
145 verbose cache add name="time-grunt" spec="^0.3.1" args=["time-grunt","^0.3.1"]
146 verbose parsed url { protocol: null,
146 verbose parsed url   slashes: null,
146 verbose parsed url   auth: null,
146 verbose parsed url   host: null,
146 verbose parsed url   port: null,
146 verbose parsed url   hostname: null,
146 verbose parsed url   hash: null,
146 verbose parsed url   search: null,
146 verbose parsed url   query: null,
146 verbose parsed url   pathname: '^0.3.1',
146 verbose parsed url   path: '^0.3.1',
146 verbose parsed url   href: '^0.3.1' }
147 verbose addNamed [ 'time-grunt', '^0.3.1' ]
148 verbose addNamed [ null, '>=0.3.1-0 <0.4.0-0' ]
149 silly lockFile c6fdd19d-time-grunt-0-3-1 time-grunt@^0.3.1
150 verbose lock time-grunt@^0.3.1 /home/tommy/.npm/c6fdd19d-time-grunt-0-3-1.lock
151 silly addNameRange { name: 'grunt-contrib-requirejs',
151 silly addNameRange   range: '>=0.4.3-0 <0.5.0-0',
151 silly addNameRange   hasData: false }
152 silly addNameRange { name: 'grunt-contrib-uglify',
152 silly addNameRange   range: '>=0.2.4-0 <0.3.0-0',
152 silly addNameRange   hasData: false }
153 silly addNameRange { name: 'grunt-contrib-watch',
153 silly addNameRange   range: '>=0.5.3-0 <0.6.0-0',
153 silly addNameRange   hasData: false }
154 silly addNameRange { name: 'grunt-sass',
154 silly addNameRange   range: '>=0.12.1-0 <0.13.0-0',
154 silly addNameRange   hasData: false }
155 silly addNameRange { name: 'grunt-scss-lint',
155 silly addNameRange   range: '>=0.1.11-0 <0.2.0-0',
155 silly addNameRange   hasData: false }
156 silly addNameRange { name: 'grunt-shell',
156 silly addNameRange   range: '>=0.6.1-0 <0.7.0-0',
156 silly addNameRange   hasData: false }
157 silly addNameRange { name: 'jshint-stylish',
157 silly addNameRange   range: '>=0.1.4-0 <0.2.0-0',
157 silly addNameRange   hasData: false }
158 silly addNameRange { name: 'load-grunt-config',
158 silly addNameRange   range: '>=0.8.0-0 <0.9.0-0',
158 silly addNameRange   hasData: false }
159 silly addNameRange { name: 'time-grunt',
159 silly addNameRange   range: '>=0.3.1-0 <0.4.0-0',
159 silly addNameRange   hasData: false }
160 verbose request where is /grunt
161 verbose request registry https://registry.npmjs.org/
162 verbose request id f7a14d983ec40b94
163 verbose url raw /grunt
164 verbose url resolving [ 'https://registry.npmjs.org/', './grunt' ]
165 verbose url resolved https://registry.npmjs.org/grunt
166 verbose request where is https://registry.npmjs.org/grunt
167 info trying registry request attempt 1 at 13:36:33
168 verbose etag "EPFVYT57NTZTHQJAVA6XFZH8U"
169 http GET https://registry.npmjs.org/grunt
170 verbose request where is /grunt-contrib-clean
171 verbose request registry https://registry.npmjs.org/
172 verbose url raw /grunt-contrib-clean
173 verbose url resolving [ 'https://registry.npmjs.org/', './grunt-contrib-clean' ]
174 verbose url resolved https://registry.npmjs.org/grunt-contrib-clean
175 verbose request where is https://registry.npmjs.org/grunt-contrib-clean
176 info trying registry request attempt 1 at 13:36:33
177 verbose etag "63BIO3Y366CTKBQE3FK7DIFJ9"
178 http GET https://registry.npmjs.org/grunt-contrib-clean
179 verbose request where is /grunt-contrib-copy
180 verbose request registry https://registry.npmjs.org/
181 verbose url raw /grunt-contrib-copy
182 verbose url resolving [ 'https://registry.npmjs.org/', './grunt-contrib-copy' ]
183 verbose url resolved https://registry.npmjs.org/grunt-contrib-copy
184 verbose request where is https://registry.npmjs.org/grunt-contrib-copy
185 info trying registry request attempt 1 at 13:36:33
186 verbose etag "98U90JBZI1FK63NJWKWF1QVIX"
187 http GET https://registry.npmjs.org/grunt-contrib-copy
188 verbose request where is /grunt-contrib-requirejs
189 verbose request registry https://registry.npmjs.org/
190 verbose url raw /grunt-contrib-requirejs
191 verbose url resolving [ 'https://registry.npmjs.org/', './grunt-contrib-requirejs' ]
192 verbose url resolved https://registry.npmjs.org/grunt-contrib-requirejs
193 verbose request where is https://registry.npmjs.org/grunt-contrib-requirejs
194 info trying registry request attempt 1 at 13:36:33
195 verbose etag "6BHN6JY8CBZ4JTF1U2X9F9TEC"
196 http GET https://registry.npmjs.org/grunt-contrib-requirejs
197 verbose request where is /grunt-contrib-jshint
198 verbose request registry https://registry.npmjs.org/
199 verbose url raw /grunt-contrib-jshint
200 verbose url resolving [ 'https://registry.npmjs.org/', './grunt-contrib-jshint' ]
201 verbose url resolved https://registry.npmjs.org/grunt-contrib-jshint
202 verbose request where is https://registry.npmjs.org/grunt-contrib-jshint
203 info trying registry request attempt 1 at 13:36:33
204 verbose etag "4L6LP0804NX923V1N7G91PPJY"
205 http GET https://registry.npmjs.org/grunt-contrib-jshint
206 verbose request where is /grunt-contrib-watch
207 verbose request registry https://registry.npmjs.org/
208 verbose url raw /grunt-contrib-watch
209 verbose url resolving [ 'https://registry.npmjs.org/', './grunt-contrib-watch' ]
210 verbose url resolved https://registry.npmjs.org/grunt-contrib-watch
211 verbose request where is https://registry.npmjs.org/grunt-contrib-watch
212 info trying registry request attempt 1 at 13:36:33
213 verbose etag "9GW15EKJMVJWLXJ3X3CK3F36"
214 http GET https://registry.npmjs.org/grunt-contrib-watch
215 verbose request where is /grunt-sass
216 verbose request registry https://registry.npmjs.org/
217 verbose url raw /grunt-sass
218 verbose url resolving [ 'https://registry.npmjs.org/', './grunt-sass' ]
219 verbose url resolved https://registry.npmjs.org/grunt-sass
220 verbose request where is https://registry.npmjs.org/grunt-sass
221 info trying registry request attempt 1 at 13:36:33
222 verbose etag "6L15DDTVX04YFEDU51TEI1LF1"
223 http GET https://registry.npmjs.org/grunt-sass
224 verbose request where is /grunt-contrib-imagemin
225 verbose request registry https://registry.npmjs.org/
226 verbose url raw /grunt-contrib-imagemin
227 verbose url resolving [ 'https://registry.npmjs.org/', './grunt-contrib-imagemin' ]
228 verbose url resolved https://registry.npmjs.org/grunt-contrib-imagemin
229 verbose request where is https://registry.npmjs.org/grunt-contrib-imagemin
230 info trying registry request attempt 1 at 13:36:33
231 verbose etag "4VVENS37EF13F9VO3JZQRT6F7"
232 http GET https://registry.npmjs.org/grunt-contrib-imagemin
233 verbose request where is /grunt-contrib-uglify
234 verbose request registry https://registry.npmjs.org/
235 verbose url raw /grunt-contrib-uglify
236 verbose url resolving [ 'https://registry.npmjs.org/', './grunt-contrib-uglify' ]
237 verbose url resolved https://registry.npmjs.org/grunt-contrib-uglify
238 verbose request where is https://registry.npmjs.org/grunt-contrib-uglify
239 info trying registry request attempt 1 at 13:36:33
240 verbose etag "B5U0D2M6P768VW8W6IY93OOVS"
241 http GET https://registry.npmjs.org/grunt-contrib-uglify
242 verbose request where is /grunt-contrib-cssmin
243 verbose request registry https://registry.npmjs.org/
244 verbose url raw /grunt-contrib-cssmin
245 verbose url resolving [ 'https://registry.npmjs.org/', './grunt-contrib-cssmin' ]
246 verbose url resolved https://registry.npmjs.org/grunt-contrib-cssmin
247 verbose request where is https://registry.npmjs.org/grunt-contrib-cssmin
248 info trying registry request attempt 1 at 13:36:33
249 verbose etag "B033UZ2KL5XVMW0089ZBNC6DS"
250 http GET https://registry.npmjs.org/grunt-contrib-cssmin
251 verbose request where is /grunt-shell
252 verbose request registry https://registry.npmjs.org/
253 verbose url raw /grunt-shell
254 verbose url resolving [ 'https://registry.npmjs.org/', './grunt-shell' ]
255 verbose url resolved https://registry.npmjs.org/grunt-shell
256 verbose request where is https://registry.npmjs.org/grunt-shell
257 info trying registry request attempt 1 at 13:36:33
258 verbose etag "DBOR4VO9GE1FHFNXZRRCLLMWA"
259 http GET https://registry.npmjs.org/grunt-shell
260 verbose request where is /load-grunt-config
261 verbose request registry https://registry.npmjs.org/
262 verbose url raw /load-grunt-config
263 verbose url resolving [ 'https://registry.npmjs.org/', './load-grunt-config' ]
264 verbose url resolved https://registry.npmjs.org/load-grunt-config
265 verbose request where is https://registry.npmjs.org/load-grunt-config
266 info trying registry request attempt 1 at 13:36:33
267 verbose etag "909U5CINZ7XOWJ4ZH0WLHU6F0"
268 http GET https://registry.npmjs.org/load-grunt-config
269 verbose request where is /jshint-stylish
270 verbose request registry https://registry.npmjs.org/
271 verbose url raw /jshint-stylish
272 verbose url resolving [ 'https://registry.npmjs.org/', './jshint-stylish' ]
273 verbose url resolved https://registry.npmjs.org/jshint-stylish
274 verbose request where is https://registry.npmjs.org/jshint-stylish
275 info trying registry request attempt 1 at 13:36:33
276 verbose etag "E3JMWY3SPD8H3F5PCWUW6YGP1"
277 http GET https://registry.npmjs.org/jshint-stylish
278 verbose request where is /time-grunt
279 verbose request registry https://registry.npmjs.org/
280 verbose url raw /time-grunt
281 verbose url resolving [ 'https://registry.npmjs.org/', './time-grunt' ]
282 verbose url resolved https://registry.npmjs.org/time-grunt
283 verbose request where is https://registry.npmjs.org/time-grunt
284 info trying registry request attempt 1 at 13:36:33
285 verbose etag "1VTGCR0NNYALSVW6JEUYJ4J04"
286 http GET https://registry.npmjs.org/time-grunt
287 verbose request where is /grunt-scss-lint
288 verbose request registry https://registry.npmjs.org/
289 verbose url raw /grunt-scss-lint
290 verbose url resolving [ 'https://registry.npmjs.org/', './grunt-scss-lint' ]
291 verbose url resolved https://registry.npmjs.org/grunt-scss-lint
292 verbose request where is https://registry.npmjs.org/grunt-scss-lint
293 info trying registry request attempt 1 at 13:36:33
294 verbose etag "DO20WWWOCY2X2608UMXUMNN93"
295 http GET https://registry.npmjs.org/grunt-scss-lint
296 http 304 https://registry.npmjs.org/grunt-contrib-clean
297 silly registry.get cb [ 304,
297 silly registry.get   { date: 'Tue, 30 Sep 2014 17:36:35 GMT',
297 silly registry.get     server: 'Apache',
297 silly registry.get     via: '1.1 varnish',
297 silly registry.get     'last-modified': 'Tue, 30 Sep 2014 17:36:35 GMT',
297 silly registry.get     'cache-control': 'max-age=60',
297 silly registry.get     etag: '"63BIO3Y366CTKBQE3FK7DIFJ9"',
297 silly registry.get     'x-served-by': 'cache-iad2129-IAD',
297 silly registry.get     'x-cache': 'HIT',
297 silly registry.get     'x-cache-hits': '1',
297 silly registry.get     'x-timer': 'S1412098595.849827,VS0,VE0',
297 silly registry.get     vary: 'Accept',
297 silly registry.get     'content-length': '0',
297 silly registry.get     'keep-alive': 'timeout=10, max=50',
297 silly registry.get     connection: 'Keep-Alive' } ]
298 verbose etag https://registry.npmjs.org/grunt-contrib-clean from cache
299 silly addNameRange number 2 { name: 'grunt-contrib-clean',
299 silly addNameRange   range: '>=0.5.0-0 <0.6.0-0',
299 silly addNameRange   hasData: true }
300 silly addNameRange versions [ 'grunt-contrib-clean',
300 silly addNameRange   [ '0.1.0',
300 silly addNameRange     '0.2.0',
300 silly addNameRange     '0.3.0',
300 silly addNameRange     '0.3.1',
300 silly addNameRange     '0.3.2',
300 silly addNameRange     '0.4.0',
300 silly addNameRange     '0.4.1',
300 silly addNameRange     '0.5.0',
300 silly addNameRange     '0.6.0',
300 silly addNameRange     '0.4.0-a',
300 silly addNameRange     '0.4.0-rc5',
300 silly addNameRange     '0.4.0-rc6' ] ]
301 verbose addNamed [ 'grunt-contrib-clean', '0.5.0' ]
302 verbose addNamed [ '0.5.0', '0.5.0' ]
303 silly lockFile 9e0b1814-grunt-contrib-clean-0-5-0 grunt-contrib-clean@0.5.0
304 verbose lock grunt-contrib-clean@0.5.0 /home/tommy/.npm/9e0b1814-grunt-contrib-clean-0-5-0.lock
305 http 304 https://registry.npmjs.org/grunt-contrib-copy
306 silly registry.get cb [ 304,
306 silly registry.get   { date: 'Tue, 30 Sep 2014 17:36:35 GMT',
306 silly registry.get     server: 'Apache',
306 silly registry.get     via: '1.1 varnish',
306 silly registry.get     'last-modified': 'Tue, 30 Sep 2014 17:35:38 GMT',
306 silly registry.get     'cache-control': 'max-age=60',
306 silly registry.get     etag: '"98U90JBZI1FK63NJWKWF1QVIX"',
306 silly registry.get     'x-served-by': 'cache-iad2134-IAD',
306 silly registry.get     'x-cache': 'HIT',
306 silly registry.get     'x-cache-hits': '4',
306 silly registry.get     'x-timer': 'S1412098595.871253,VS0,VE0',
306 silly registry.get     vary: 'Accept',
306 silly registry.get     'content-length': '0',
306 silly registry.get     'keep-alive': 'timeout=10, max=50',
306 silly registry.get     connection: 'Keep-Alive' } ]
307 verbose etag https://registry.npmjs.org/grunt-contrib-copy from cache
308 silly addNameRange number 2 { name: 'grunt-contrib-copy',
308 silly addNameRange   range: '>=0.5.0-0 <0.6.0-0',
308 silly addNameRange   hasData: true }
309 silly addNameRange versions [ 'grunt-contrib-copy',
309 silly addNameRange   [ '0.2.0',
309 silly addNameRange     '0.2.1',
309 silly addNameRange     '0.2.2',
309 silly addNameRange     '0.2.3',
309 silly addNameRange     '0.2.4',
309 silly addNameRange     '0.3.0',
309 silly addNameRange     '0.3.1',
309 silly addNameRange     '0.3.2',
309 silly addNameRange     '0.4.0',
309 silly addNameRange     '0.4.1',
309 silly addNameRange     '0.5.0',
309 silly addNameRange     '0.6.0',
309 silly addNameRange     '0.4.0-rc7' ] ]
310 verbose addNamed [ 'grunt-contrib-copy', '0.5.0' ]
311 verbose addNamed [ '0.5.0', '0.5.0' ]
312 silly lockFile a598d2f8-grunt-contrib-copy-0-5-0 grunt-contrib-copy@0.5.0
313 verbose lock grunt-contrib-copy@0.5.0 /home/tommy/.npm/a598d2f8-grunt-contrib-copy-0-5-0.lock
314 http 304 https://registry.npmjs.org/grunt-contrib-watch
315 silly registry.get cb [ 304,
315 silly registry.get   { date: 'Tue, 30 Sep 2014 17:36:35 GMT',
315 silly registry.get     server: 'Apache',
315 silly registry.get     via: '1.1 varnish',
315 silly registry.get     'last-modified': 'Tue, 30 Sep 2014 17:36:26 GMT',
315 silly registry.get     'cache-control': 'max-age=60',
315 silly registry.get     etag: '"9GW15EKJMVJWLXJ3X3CK3F36"',
315 silly registry.get     'x-served-by': 'cache-iad2129-IAD',
315 silly registry.get     'x-cache': 'HIT',
315 silly registry.get     'x-cache-hits': '2',
315 silly registry.get     'x-timer': 'S1412098595.877743,VS0,VE0',
315 silly registry.get     vary: 'Accept',
315 silly registry.get     'content-length': '0',
315 silly registry.get     'keep-alive': 'timeout=10, max=49',
315 silly registry.get     connection: 'Keep-Alive' } ]
316 verbose etag https://registry.npmjs.org/grunt-contrib-watch from cache
317 silly addNameRange number 2 { name: 'grunt-contrib-watch',
317 silly addNameRange   range: '>=0.5.3-0 <0.6.0-0',
317 silly addNameRange   hasData: true }
318 silly addNameRange versions [ 'grunt-contrib-watch',
318 silly addNameRange   [ '0.1.0',
318 silly addNameRange     '0.1.1',
318 silly addNameRange     '0.1.2',
318 silly addNameRange     '0.1.3',
318 silly addNameRange     '0.1.4',
318 silly addNameRange     '0.2.0',
318 silly addNameRange     '0.3.0',
318 silly addNameRange     '0.3.1',
318 silly addNameRange     '0.4.0',
318 silly addNameRange     '0.4.1',
318 silly addNameRange     '0.4.2',
318 silly addNameRange     '0.4.3',
318 silly addNameRange     '0.4.4',
318 silly addNameRange     '0.5.0',
318 silly addNameRange     '0.5.1',
318 silly addNameRange     '0.5.2',
318 silly addNameRange     '0.5.3',
318 silly addNameRange     '0.6.0',
318 silly addNameRange     '0.6.1',
318 silly addNameRange     '0.2.0-a',
318 silly addNameRange     '0.2.0-rc5',
318 silly addNameRange     '0.2.0-rc7' ] ]
319 verbose addNamed [ 'grunt-contrib-watch', '0.5.3' ]
320 verbose addNamed [ '0.5.3', '0.5.3' ]
321 silly lockFile d70d7cec-grunt-contrib-watch-0-5-3 grunt-contrib-watch@0.5.3
322 verbose lock grunt-contrib-watch@0.5.3 /home/tommy/.npm/d70d7cec-grunt-contrib-watch-0-5-3.lock
323 http 304 https://registry.npmjs.org/grunt-sass
324 silly registry.get cb [ 304,
324 silly registry.get   { date: 'Tue, 30 Sep 2014 17:36:35 GMT',
324 silly registry.get     server: 'Apache',
324 silly registry.get     via: '1.1 varnish',
324 silly registry.get     'last-modified': 'Tue, 30 Sep 2014 17:36:35 GMT',
324 silly registry.get     'cache-control': 'max-age=60',
324 silly registry.get     etag: '"6L15DDTVX04YFEDU51TEI1LF1"',
324 silly registry.get     'x-served-by': 'cache-iad2134-IAD',
324 silly registry.get     'x-cache': 'HIT',
324 silly registry.get     'x-cache-hits': '1',
324 silly registry.get     'x-timer': 'S1412098595.891103,VS0,VE0',
324 silly registry.get     vary: 'Accept',
324 silly registry.get     'content-length': '0',
324 silly registry.get     'keep-alive': 'timeout=10, max=49',
324 silly registry.get     connection: 'Keep-Alive' } ]
325 verbose etag https://registry.npmjs.org/grunt-sass from cache
326 silly lockFile 9e0b1814-grunt-contrib-clean-0-5-0 grunt-contrib-clean@0.5.0
327 silly lockFile 9e0b1814-grunt-contrib-clean-0-5-0 grunt-contrib-clean@0.5.0
328 silly lockFile b7d63f15-grunt-contrib-clean-0-5-0 grunt-contrib-clean@^0.5.0
329 silly lockFile b7d63f15-grunt-contrib-clean-0-5-0 grunt-contrib-clean@^0.5.0
330 silly addNameRange number 2 { name: 'grunt-sass',
330 silly addNameRange   range: '>=0.12.1-0 <0.13.0-0',
330 silly addNameRange   hasData: true }
331 silly addNameRange versions [ 'grunt-sass',
331 silly addNameRange   [ '0.1.0',
331 silly addNameRange     '0.2.1',
331 silly addNameRange     '0.2.2',
331 silly addNameRange     '0.2.3',
331 silly addNameRange     '0.2.4',
331 silly addNameRange     '0.2.5',
331 silly addNameRange     '0.3.0',
331 silly addNameRange     '0.4.0',
331 silly addNameRange     '0.4.1',
331 silly addNameRange     '0.5.0',
331 silly addNameRange     '0.6.0',
331 silly addNameRange     '0.6.1',
331 silly addNameRange     '0.7.0',
331 silly addNameRange     '0.8.0',
331 silly addNameRange     '0.8.1',
331 silly addNameRange     '0.9.0',
331 silly addNameRange     '0.10.0',
331 silly addNameRange     '0.11.0',
331 silly addNameRange     '0.12.0',
331 silly addNameRange     '0.12.1',
331 silly addNameRange     '0.13.0',
331 silly addNameRange     '0.13.1',
331 silly addNameRange     '0.14.0',
331 silly addNameRange     '0.14.1',
331 silly addNameRange     '0.14.2' ] ]
332 verbose addNamed [ 'grunt-sass', '0.12.1' ]
333 verbose addNamed [ '0.12.1', '0.12.1' ]
334 silly lockFile cfb2b3e6-grunt-sass-0-12-1 grunt-sass@0.12.1
335 verbose lock grunt-sass@0.12.1 /home/tommy/.npm/cfb2b3e6-grunt-sass-0-12-1.lock
336 silly lockFile 182f6d8a-grunt-sass-grunt-sass-0-12-1-tgz https://registry.npmjs.org/grunt-sass/-/grunt-sass-0.12.1.tgz
337 verbose lock https://registry.npmjs.org/grunt-sass/-/grunt-sass-0.12.1.tgz /home/tommy/.npm/182f6d8a-grunt-sass-grunt-sass-0-12-1-tgz.lock
338 http 304 https://registry.npmjs.org/grunt-contrib-imagemin
339 silly registry.get cb [ 304,
339 silly registry.get   { date: 'Tue, 30 Sep 2014 17:36:35 GMT',
339 silly registry.get     server: 'Apache',
339 silly registry.get     via: '1.1 varnish',
339 silly registry.get     'last-modified': 'Tue, 30 Sep 2014 17:36:35 GMT',
339 silly registry.get     'cache-control': 'max-age=60',
339 silly registry.get     etag: '"4VVENS37EF13F9VO3JZQRT6F7"',
339 silly registry.get     'x-served-by': 'cache-iad2129-IAD',
339 silly registry.get     'x-cache': 'HIT',
339 silly registry.get     'x-cache-hits': '1',
339 silly registry.get     'x-timer': 'S1412098595.901839,VS0,VE0',
339 silly registry.get     vary: 'Accept',
339 silly registry.get     'content-length': '0',
339 silly registry.get     'keep-alive': 'timeout=10, max=48',
339 silly registry.get     connection: 'Keep-Alive' } ]
340 verbose etag https://registry.npmjs.org/grunt-contrib-imagemin from cache
341 verbose addRemoteTarball [ 'https://registry.npmjs.org/grunt-sass/-/grunt-sass-0.12.1.tgz',
341 verbose addRemoteTarball   '7914ebe9d66bdaaac86816566a2f9d86994b9253' ]
342 silly lockFile a598d2f8-grunt-contrib-copy-0-5-0 grunt-contrib-copy@0.5.0
343 silly lockFile a598d2f8-grunt-contrib-copy-0-5-0 grunt-contrib-copy@0.5.0
344 silly lockFile ac3d673b-grunt-contrib-copy-0-5-0 grunt-contrib-copy@~0.5.0
345 silly lockFile ac3d673b-grunt-contrib-copy-0-5-0 grunt-contrib-copy@~0.5.0
346 silly addNameRange number 2 { name: 'grunt-contrib-imagemin',
346 silly addNameRange   range: '>=0.5.0-0 <0.6.0-0',
346 silly addNameRange   hasData: true }
347 silly addNameRange versions [ 'grunt-contrib-imagemin',
347 silly addNameRange   [ '0.1.0',
347 silly addNameRange     '0.1.1',
347 silly addNameRange     '0.1.2',
347 silly addNameRange     '0.1.3',
347 silly addNameRange     '0.1.4',
347 silly addNameRange     '0.1.1-rc7',
347 silly addNameRange     '0.1.1-rc8',
347 silly addNameRange     '0.2.0',
347 silly addNameRange     '0.2.1',
347 silly addNameRange     '0.3.0',
347 silly addNameRange     '0.4.0',
347 silly addNameRange     '0.4.1',
347 silly addNameRange     '0.5.0',
347 silly addNameRange     '0.6.0',
347 silly addNameRange     '0.6.1',
347 silly addNameRange     '0.7.0',
347 silly addNameRange     '0.7.1',
347 silly addNameRange     '0.7.2',
347 silly addNameRange     '0.8.0',
347 silly addNameRange     '0.8.1' ] ]
348 verbose addNamed [ 'grunt-contrib-imagemin', '0.5.0' ]
349 verbose addNamed [ '0.5.0', '0.5.0' ]
350 silly lockFile eaf57e33-grunt-contrib-imagemin-0-5-0 grunt-contrib-imagemin@0.5.0
351 verbose lock grunt-contrib-imagemin@0.5.0 /home/tommy/.npm/eaf57e33-grunt-contrib-imagemin-0-5-0.lock
352 info retry fetch attempt 1 at 13:36:33
353 verbose fetch to= /tmp/npm-27255-WG8qVsj3/registry.npmjs.org/grunt-sass/-/grunt-sass-0.12.1.tgz
354 silly lockFile 527290a8-grunt-contrib-imagemin-0-5-0-tgz https://registry.npmjs.org/grunt-contrib-imagemin/-/grunt-contrib-imagemin-0.5.0.tgz
355 verbose lock https://registry.npmjs.org/grunt-contrib-imagemin/-/grunt-contrib-imagemin-0.5.0.tgz /home/tommy/.npm/527290a8-grunt-contrib-imagemin-0-5-0-tgz.lock
356 http GET https://registry.npmjs.org/grunt-sass/-/grunt-sass-0.12.1.tgz
357 verbose addRemoteTarball [ 'https://registry.npmjs.org/grunt-contrib-imagemin/-/grunt-contrib-imagemin-0.5.0.tgz',
357 verbose addRemoteTarball   '0fb1e3e164aa66bafe5ea1bf6ac51b42ed6a5e13' ]
358 info retry fetch attempt 1 at 13:36:33
359 verbose fetch to= /tmp/npm-27255-WG8qVsj3/registry.npmjs.org/grunt-contrib-imagemin/-/grunt-contrib-imagemin-0.5.0.tgz
360 http GET https://registry.npmjs.org/grunt-contrib-imagemin/-/grunt-contrib-imagemin-0.5.0.tgz
361 silly lockFile d70d7cec-grunt-contrib-watch-0-5-3 grunt-contrib-watch@0.5.3
362 silly lockFile d70d7cec-grunt-contrib-watch-0-5-3 grunt-contrib-watch@0.5.3
363 silly lockFile b469febc-grunt-contrib-watch-0-5-3 grunt-contrib-watch@~0.5.3
364 silly lockFile b469febc-grunt-contrib-watch-0-5-3 grunt-contrib-watch@~0.5.3
365 http 200 https://registry.npmjs.org/grunt-contrib-cssmin
366 silly registry.get cb [ 200,
366 silly registry.get   { date: 'Tue, 30 Sep 2014 17:36:35 GMT',
366 silly registry.get     server: 'CouchDB/1.5.0 (Erlang OTP/R14B04)',
366 silly registry.get     etag: '"7F4AXDHVIYIB434L6Z5UXWFW8"',
366 silly registry.get     'content-type': 'application/json',
366 silly registry.get     'cache-control': 'max-age=60',
366 silly registry.get     'content-length': '24326',
366 silly registry.get     'accept-ranges': 'bytes',
366 silly registry.get     via: '1.1 varnish',
366 silly registry.get     age: '248',
366 silly registry.get     'x-served-by': 'cache-iad2129-IAD',
366 silly registry.get     'x-cache': 'HIT',
366 silly registry.get     'x-cache-hits': '1',
366 silly registry.get     'x-timer': 'S1412098595.919722,VS0,VE0',
366 silly registry.get     vary: 'Accept',
366 silly registry.get     'keep-alive': 'timeout=10, max=47',
366 silly registry.get     connection: 'Keep-Alive' } ]
367 http 200 https://registry.npmjs.org/grunt-contrib-requirejs
368 silly registry.get cb [ 200,
368 silly registry.get   { date: 'Tue, 30 Sep 2014 17:36:35 GMT',
368 silly registry.get     server: 'CouchDB/1.5.0 (Erlang OTP/R16B03)',
368 silly registry.get     etag: '"A7UYZOMBCK0TGQVYE7DDXA01Y"',
368 silly registry.get     'content-type': 'application/json',
368 silly registry.get     'cache-control': 'max-age=60',
368 silly registry.get     'content-length': '22552',
368 silly registry.get     'accept-ranges': 'bytes',
368 silly registry.get     via: '1.1 varnish',
368 silly registry.get     age: '798',
368 silly registry.get     'x-served-by': 'cache-jfk1026-JFK',
368 silly registry.get     'x-cache': 'HIT',
368 silly registry.get     'x-cache-hits': '1',
368 silly registry.get     'x-timer': 'S1412098595.848989,VS0,VE75',
368 silly registry.get     vary: 'Accept',
368 silly registry.get     'keep-alive': 'timeout=10, max=50',
368 silly registry.get     connection: 'Keep-Alive' } ]
369 silly addNameRange number 2 { name: 'grunt-contrib-cssmin',
369 silly addNameRange   range: '>=0.7.0-0 <0.8.0-0',
369 silly addNameRange   hasData: true }
370 silly addNameRange versions [ 'grunt-contrib-cssmin',
370 silly addNameRange   [ '0.4.0',
370 silly addNameRange     '0.4.1',
370 silly addNameRange     '0.4.2',
370 silly addNameRange     '0.5.0',
370 silly addNameRange     '0.6.0',
370 silly addNameRange     '0.6.1',
370 silly addNameRange     '0.6.2',
370 silly addNameRange     '0.7.0',
370 silly addNameRange     '0.8.0',
370 silly addNameRange     '0.9.0',
370 silly addNameRange     '0.10.0' ] ]
371 verbose addNamed [ 'grunt-contrib-cssmin', '0.7.0' ]
372 verbose addNamed [ '0.7.0', '0.7.0' ]
373 silly lockFile e32996d4-grunt-contrib-cssmin-0-7-0 grunt-contrib-cssmin@0.7.0
374 verbose lock grunt-contrib-cssmin@0.7.0 /home/tommy/.npm/e32996d4-grunt-contrib-cssmin-0-7-0.lock
375 silly addNameRange number 2 { name: 'grunt-contrib-requirejs',
375 silly addNameRange   range: '>=0.4.3-0 <0.5.0-0',
375 silly addNameRange   hasData: true }
376 silly addNameRange versions [ 'grunt-contrib-requirejs',
376 silly addNameRange   [ '0.1.0',
376 silly addNameRange     '0.2.0',
376 silly addNameRange     '0.3.0',
376 silly addNameRange     '0.3.2',
376 silly addNameRange     '0.3.3',
376 silly addNameRange     '0.3.4',
376 silly addNameRange     '0.4.0',
376 silly addNameRange     '0.4.1',
376 silly addNameRange     '0.4.2',
376 silly addNameRange     '0.4.3',
376 silly addNameRange     '0.4.4',
376 silly addNameRange     '0.4.0-rc7' ] ]
377 verbose addNamed [ 'grunt-contrib-requirejs', '0.4.4' ]
378 verbose addNamed [ '0.4.4', '0.4.4' ]
379 silly lockFile e2afe6c5-grunt-contrib-requirejs-0-4-4 grunt-contrib-requirejs@0.4.4
380 verbose lock grunt-contrib-requirejs@0.4.4 /home/tommy/.npm/e2afe6c5-grunt-contrib-requirejs-0-4-4.lock
381 silly lockFile 702d227c-n-grunt-contrib-cssmin-0-7-0-tgz https://registry.npmjs.org/grunt-contrib-cssmin/-/grunt-contrib-cssmin-0.7.0.tgz
382 verbose lock https://registry.npmjs.org/grunt-contrib-cssmin/-/grunt-contrib-cssmin-0.7.0.tgz /home/tommy/.npm/702d227c-n-grunt-contrib-cssmin-0-7-0-tgz.lock
383 verbose addRemoteTarball [ 'https://registry.npmjs.org/grunt-contrib-cssmin/-/grunt-contrib-cssmin-0.7.0.tgz',
383 verbose addRemoteTarball   'a5735e9f1d263149e49fe035294e429d8c670bab' ]
384 info retry fetch attempt 1 at 13:36:33
385 verbose fetch to= /tmp/npm-27255-WG8qVsj3/registry.npmjs.org/grunt-contrib-cssmin/-/grunt-contrib-cssmin-0.7.0.tgz
386 http GET https://registry.npmjs.org/grunt-contrib-cssmin/-/grunt-contrib-cssmin-0.7.0.tgz
387 http 200 https://registry.npmjs.org/grunt-contrib-uglify
388 silly registry.get cb [ 200,
388 silly registry.get   { date: 'Tue, 30 Sep 2014 17:36:35 GMT',
388 silly registry.get     server: 'CouchDB/1.5.0 (Erlang OTP/R16B03)',
388 silly registry.get     etag: '"7JUDOXRC89B39SA3LDRWOMVVP"',
388 silly registry.get     'content-type': 'application/json',
388 silly registry.get     'cache-control': 'max-age=60',
388 silly registry.get     'content-length': '53232',
388 silly registry.get     'accept-ranges': 'bytes',
388 silly registry.get     via: '1.1 varnish',
388 silly registry.get     age: '1138',
388 silly registry.get     'x-served-by': 'cache-iad2134-IAD',
388 silly registry.get     'x-cache': 'HIT',
388 silly registry.get     'x-cache-hits': '1',
388 silly registry.get     'x-timer': 'S1412098595.911816,VS0,VE0',
388 silly registry.get     vary: 'Accept',
388 silly registry.get     'keep-alive': 'timeout=10, max=48',
388 silly registry.get     connection: 'Keep-Alive' } ]
389 silly addNameRange number 2 { name: 'grunt-contrib-uglify',
389 silly addNameRange   range: '>=0.2.4-0 <0.3.0-0',
389 silly addNameRange   hasData: true }
390 silly addNameRange versions [ 'grunt-contrib-uglify',
390 silly addNameRange   [ '0.1.0',
390 silly addNameRange     '0.1.1',
390 silly addNameRange     '0.1.2',
390 silly addNameRange     '0.2.0',
390 silly addNameRange     '0.2.1',
390 silly addNameRange     '0.2.2',
390 silly addNameRange     '0.2.3',
390 silly addNameRange     '0.2.4',
390 silly addNameRange     '0.2.5',
390 silly addNameRange     '0.2.6',
390 silly addNameRange     '0.2.7',
390 silly addNameRange     '0.3.0',
390 silly addNameRange     '0.3.1',
390 silly addNameRange     '0.1.1-rc5',
390 silly addNameRange     '0.1.1-rc6',
390 silly addNameRange     '0.3.2',
390 silly addNameRange     '0.3.3',
390 silly addNameRange     '0.4.0',
390 silly addNameRange     '0.5.0',
390 silly addNameRange     '0.4.1',
390 silly addNameRange     '0.5.1',
390 silly addNameRange     '0.6.0' ] ]
391 verbose addNamed [ 'grunt-contrib-uglify', '0.2.7' ]
392 verbose addNamed [ '0.2.7', '0.2.7' ]
393 silly lockFile 480328f6-grunt-contrib-uglify-0-2-7 grunt-contrib-uglify@0.2.7
394 verbose lock grunt-contrib-uglify@0.2.7 /home/tommy/.npm/480328f6-grunt-contrib-uglify-0-2-7.lock
395 silly lockFile 90f282d3-y-grunt-contrib-uglify-0-2-7-tgz https://registry.npmjs.org/grunt-contrib-uglify/-/grunt-contrib-uglify-0.2.7.tgz
396 verbose lock https://registry.npmjs.org/grunt-contrib-uglify/-/grunt-contrib-uglify-0.2.7.tgz /home/tommy/.npm/90f282d3-y-grunt-contrib-uglify-0-2-7-tgz.lock
397 verbose addRemoteTarball [ 'https://registry.npmjs.org/grunt-contrib-uglify/-/grunt-contrib-uglify-0.2.7.tgz',
397 verbose addRemoteTarball   'e6bda51e0c40a1459f6cead423c65efd725a1bf7' ]
398 http 200 https://registry.npmjs.org/grunt-contrib-jshint
399 silly registry.get cb [ 200,
399 silly registry.get   { date: 'Tue, 30 Sep 2014 17:36:35 GMT',
399 silly registry.get     server: 'CouchDB/1.5.0 (Erlang OTP/R16B03)',
399 silly registry.get     etag: '"5ANXDP1YY0A9NH9HM6CSX71O7"',
399 silly registry.get     'content-type': 'application/json',
399 silly registry.get     'cache-control': 'max-age=60',
399 silly registry.get     'content-length': '51669',
399 silly registry.get     'accept-ranges': 'bytes',
399 silly registry.get     via: '1.1 varnish',
399 silly registry.get     age: '1114',
399 silly registry.get     'x-served-by': 'cache-atl6221-ATL',
399 silly registry.get     'x-cache': 'HIT',
399 silly registry.get     'x-cache-hits': '1',
399 silly registry.get     'x-timer': 'S1412098595.908135,VS0,VE1',
399 silly registry.get     vary: 'Accept',
399 silly registry.get     'keep-alive': 'timeout=10, max=50',
399 silly registry.get     connection: 'Keep-Alive' } ]
400 http 200 https://registry.npmjs.org/jshint-stylish
401 silly registry.get cb [ 200,
401 silly registry.get   { date: 'Tue, 30 Sep 2014 17:36:36 GMT',
401 silly registry.get     server: 'CouchDB/1.5.0 (Erlang OTP/R16B03)',
401 silly registry.get     etag: '"D902ETO03GQR09PMS031VFXBB"',
401 silly registry.get     'content-type': 'application/json',
401 silly registry.get     'cache-control': 'max-age=60',
401 silly registry.get     'content-length': '13580',
401 silly registry.get     'accept-ranges': 'bytes',
401 silly registry.get     via: '1.1 varnish',
401 silly registry.get     age: '874',
401 silly registry.get     'x-served-by': 'cache-iad2134-IAD',
401 silly registry.get     'x-cache': 'HIT',
401 silly registry.get     'x-cache-hits': '1',
401 silly registry.get     'x-timer': 'S1412098596.007599,VS0,VE0',
401 silly registry.get     vary: 'Accept',
401 silly registry.get     'keep-alive': 'timeout=10, max=47',
401 silly registry.get     connection: 'Keep-Alive' } ]
402 http 200 https://registry.npmjs.org/grunt-shell
403 silly registry.get cb [ 200,
403 silly registry.get   { date: 'Tue, 30 Sep 2014 17:36:35 GMT',
403 silly registry.get     server: 'CouchDB/1.5.0 (Erlang OTP/R16B03)',
403 silly registry.get     etag: '"9VO080LSNZ6U9JAK13ZY5V4RT"',
403 silly registry.get     'content-type': 'application/json',
403 silly registry.get     'cache-control': 'max-age=60',
403 silly registry.get     'content-length': '29038',
403 silly registry.get     'accept-ranges': 'bytes',
403 silly registry.get     via: '1.1 varnish',
403 silly registry.get     age: '221',
403 silly registry.get     'x-served-by': 'cache-iad2129-IAD',
403 silly registry.get     'x-cache': 'HIT',
403 silly registry.get     'x-cache-hits': '1',
403 silly registry.get     'x-timer': 'S1412098595.981846,VS0,VE0',
403 silly registry.get     vary: 'Accept',
403 silly registry.get     'keep-alive': 'timeout=10, max=46',
403 silly registry.get     connection: 'Keep-Alive' } ]
404 info retry fetch attempt 1 at 13:36:33
405 verbose fetch to= /tmp/npm-27255-WG8qVsj3/registry.npmjs.org/grunt-contrib-uglify/-/grunt-contrib-uglify-0.2.7.tgz
406 http GET https://registry.npmjs.org/grunt-contrib-uglify/-/grunt-contrib-uglify-0.2.7.tgz
407 silly addNameRange number 2 { name: 'jshint-stylish',
407 silly addNameRange   range: '>=0.1.4-0 <0.2.0-0',
407 silly addNameRange   hasData: true }
408 silly addNameRange versions [ 'jshint-stylish',
408 silly addNameRange   [ '0.1.0',
408 silly addNameRange     '0.1.1',
408 silly addNameRange     '0.1.2',
408 silly addNameRange     '0.1.3',
408 silly addNameRange     '0.1.4',
408 silly addNameRange     '0.1.5',
408 silly addNameRange     '0.2.0',
408 silly addNameRange     '0.3.0',
408 silly addNameRange     '0.4.0',
408 silly addNameRange     '1.0.0' ] ]
409 verbose addNamed [ 'jshint-stylish', '0.1.5' ]
410 verbose addNamed [ '0.1.5', '0.1.5' ]
411 silly lockFile 8bde7229-jshint-stylish-0-1-5 jshint-stylish@0.1.5
412 verbose lock jshint-stylish@0.1.5 /home/tommy/.npm/8bde7229-jshint-stylish-0-1-5.lock
413 silly addNameRange number 2 { name: 'grunt-contrib-jshint',
413 silly addNameRange   range: '>=0.7.1-0 <0.8.0-0',
413 silly addNameRange   hasData: true }
414 silly addNameRange versions [ 'grunt-contrib-jshint',
414 silly addNameRange   [ '0.1.0',
414 silly addNameRange     '0.1.1',
414 silly addNameRange     '0.2.0',
414 silly addNameRange     '0.3.0',
414 silly addNameRange     '0.4.0',
414 silly addNameRange     '0.4.1',
414 silly addNameRange     '0.4.2',
414 silly addNameRange     '0.4.3',
414 silly addNameRange     '0.5.0',
414 silly addNameRange     '0.5.1',
414 silly addNameRange     '0.5.2',
414 silly addNameRange     '0.5.3',
414 silly addNameRange     '0.5.4',
414 silly addNameRange     '0.6.0',
414 silly addNameRange     '0.6.1',
414 silly addNameRange     '0.6.2',
414 silly addNameRange     '0.6.3',
414 silly addNameRange     '0.6.4',
414 silly addNameRange     '0.6.5',
414 silly addNameRange     '0.7.0',
414 silly addNameRange     '0.7.1',
414 silly addNameRange     '0.7.2',
414 silly addNameRange     '0.8.0',
414 silly addNameRange     '0.9.0',
414 silly addNameRange     '0.9.1',
414 silly addNameRange     '0.9.2',
414 silly addNameRange     '0.10.0',
414 silly addNameRange     '0.1.1-rc5',
414 silly addNameRange     '0.1.1-rc6' ] ]
415 verbose addNamed [ 'grunt-contrib-jshint', '0.7.2' ]
416 verbose addNamed [ '0.7.2', '0.7.2' ]
417 silly lockFile ee270f24-grunt-contrib-jshint-0-7-2 grunt-contrib-jshint@0.7.2
418 verbose lock grunt-contrib-jshint@0.7.2 /home/tommy/.npm/ee270f24-grunt-contrib-jshint-0-7-2.lock
419 silly addNameRange number 2 { name: 'grunt-shell',
419 silly addNameRange   range: '>=0.6.1-0 <0.7.0-0',
419 silly addNameRange   hasData: true }
420 silly addNameRange versions [ 'grunt-shell',
420 silly addNameRange   [ '0.1.0',
420 silly addNameRange     '0.1.1',
420 silly addNameRange     '0.1.2',
420 silly addNameRange     '0.1.3',
420 silly addNameRange     '0.1.4',
420 silly addNameRange     '0.2.0',
420 silly addNameRange     '0.2.1',
420 silly addNameRange     '0.2.2',
420 silly addNameRange     '0.3.0',
420 silly addNameRange     '0.3.1',
420 silly addNameRange     '0.4.0',
420 silly addNameRange     '0.5.0',
420 silly addNameRange     '0.6.0',
420 silly addNameRange     '0.6.1',
420 silly addNameRange     '0.6.2',
420 silly addNameRange     '0.6.4',
420 silly addNameRange     '0.7.0',
420 silly addNameRange     '1.0.0',
420 silly addNameRange     '1.0.1',
420 silly addNameRange     '1.1.0',
420 silly addNameRange     '1.1.1' ] ]
421 verbose addNamed [ 'grunt-shell', '0.6.4' ]
422 verbose addNamed [ '0.6.4', '0.6.4' ]
423 silly lockFile 380bc4a7-grunt-shell-0-6-4 grunt-shell@0.6.4
424 verbose lock grunt-shell@0.6.4 /home/tommy/.npm/380bc4a7-grunt-shell-0-6-4.lock
425 silly lockFile e2afe6c5-grunt-contrib-requirejs-0-4-4 grunt-contrib-requirejs@0.4.4
426 silly lockFile e2afe6c5-grunt-contrib-requirejs-0-4-4 grunt-contrib-requirejs@0.4.4
427 silly lockFile 9d1830b5-grunt-contrib-requirejs-0-4-3 grunt-contrib-requirejs@^0.4.3
428 silly lockFile 9d1830b5-grunt-contrib-requirejs-0-4-3 grunt-contrib-requirejs@^0.4.3
429 http 200 https://registry.npmjs.org/grunt-contrib-imagemin/-/grunt-contrib-imagemin-0.5.0.tgz
430 silly lockFile 527290a8-grunt-contrib-imagemin-0-5-0-tgz https://registry.npmjs.org/grunt-contrib-imagemin/-/grunt-contrib-imagemin-0.5.0.tgz
431 silly lockFile 527290a8-grunt-contrib-imagemin-0-5-0-tgz https://registry.npmjs.org/grunt-contrib-imagemin/-/grunt-contrib-imagemin-0.5.0.tgz
432 silly lockFile eaf57e33-grunt-contrib-imagemin-0-5-0 grunt-contrib-imagemin@0.5.0
433 silly lockFile eaf57e33-grunt-contrib-imagemin-0-5-0 grunt-contrib-imagemin@0.5.0
434 silly lockFile 56c73281-grunt-contrib-imagemin-0-5-0 grunt-contrib-imagemin@~0.5.0
435 silly lockFile 56c73281-grunt-contrib-imagemin-0-5-0 grunt-contrib-imagemin@~0.5.0
436 http 304 https://registry.npmjs.org/time-grunt
437 silly registry.get cb [ 304,
437 silly registry.get   { date: 'Tue, 30 Sep 2014 17:36:36 GMT',
437 silly registry.get     server: 'Apache',
437 silly registry.get     via: '1.1 varnish',
437 silly registry.get     'last-modified': 'Tue, 30 Sep 2014 17:36:36 GMT',
437 silly registry.get     'cache-control': 'max-age=60',
437 silly registry.get     etag: '"1VTGCR0NNYALSVW6JEUYJ4J04"',
437 silly registry.get     'x-served-by': 'cache-atl6221-ATL',
437 silly registry.get     'x-cache': 'HIT',
437 silly registry.get     'x-cache-hits': '1',
437 silly registry.get     'x-timer': 'S1412098596.046346,VS0,VE29',
437 silly registry.get     vary: 'Accept',
437 silly registry.get     'content-length': '0',
437 silly registry.get     'keep-alive': 'timeout=10, max=49',
437 silly registry.get     connection: 'Keep-Alive' } ]
438 verbose etag https://registry.npmjs.org/time-grunt from cache
439 silly addNameRange number 2 { name: 'time-grunt',
439 silly addNameRange   range: '>=0.3.1-0 <0.4.0-0',
439 silly addNameRange   hasData: true }
440 silly addNameRange versions [ 'time-grunt',
440 silly addNameRange   [ '0.1.0',
440 silly addNameRange     '0.1.1',
440 silly addNameRange     '0.1.2',
440 silly addNameRange     '0.2.0',
440 silly addNameRange     '0.2.1',
440 silly addNameRange     '0.2.2',
440 silly addNameRange     '0.2.3',
440 silly addNameRange     '0.2.4',
440 silly addNameRange     '0.2.5',
440 silly addNameRange     '0.2.6',
440 silly addNameRange     '0.2.7',
440 silly addNameRange     '0.2.8',
440 silly addNameRange     '0.2.9',
440 silly addNameRange     '0.2.10',
440 silly addNameRange     '0.3.1',
440 silly addNameRange     '0.3.2',
440 silly addNameRange     '0.4.0',
440 silly addNameRange     '1.0.0' ] ]
441 verbose addNamed [ 'time-grunt', '0.3.2' ]
442 verbose addNamed [ '0.3.2', '0.3.2' ]
443 silly lockFile 011f4eab-time-grunt-0-3-2 time-grunt@0.3.2
444 verbose lock time-grunt@0.3.2 /home/tommy/.npm/011f4eab-time-grunt-0-3-2.lock
445 http 200 https://registry.npmjs.org/grunt-sass/-/grunt-sass-0.12.1.tgz
446 http 200 https://registry.npmjs.org/grunt-contrib-uglify/-/grunt-contrib-uglify-0.2.7.tgz
447 http 304 https://registry.npmjs.org/grunt-scss-lint
448 silly registry.get cb [ 304,
448 silly registry.get   { date: 'Tue, 30 Sep 2014 17:36:36 GMT',
448 silly registry.get     server: 'Apache',
448 silly registry.get     via: '1.1 varnish',
448 silly registry.get     'last-modified': 'Tue, 30 Sep 2014 17:36:36 GMT',
448 silly registry.get     'cache-control': 'max-age=60',
448 silly registry.get     etag: '"DO20WWWOCY2X2608UMXUMNN93"',
448 silly registry.get     'x-served-by': 'cache-iad2134-IAD',
448 silly registry.get     'x-cache': 'HIT',
448 silly registry.get     'x-cache-hits': '1',
448 silly registry.get     'x-timer': 'S1412098596.045788,VS0,VE83',
448 silly registry.get     vary: 'Accept',
448 silly registry.get     'content-length': '0',
448 silly registry.get     'keep-alive': 'timeout=10, max=46',
448 silly registry.get     connection: 'Keep-Alive' } ]
449 verbose etag https://registry.npmjs.org/grunt-scss-lint from cache
450 http 200 https://registry.npmjs.org/grunt-contrib-cssmin/-/grunt-contrib-cssmin-0.7.0.tgz
451 silly lockFile ee270f24-grunt-contrib-jshint-0-7-2 grunt-contrib-jshint@0.7.2
452 silly lockFile ee270f24-grunt-contrib-jshint-0-7-2 grunt-contrib-jshint@0.7.2
453 silly lockFile ce56e650-grunt-contrib-jshint-0-7-1 grunt-contrib-jshint@~0.7.1
454 silly lockFile ce56e650-grunt-contrib-jshint-0-7-1 grunt-contrib-jshint@~0.7.1
455 silly lockFile 8bde7229-jshint-stylish-0-1-5 jshint-stylish@0.1.5
456 silly lockFile 8bde7229-jshint-stylish-0-1-5 jshint-stylish@0.1.5
457 silly lockFile 740d0c14-jshint-stylish-0-1-4 jshint-stylish@~0.1.4
458 silly lockFile 740d0c14-jshint-stylish-0-1-4 jshint-stylish@~0.1.4
459 silly addNameRange number 2 { name: 'grunt-scss-lint',
459 silly addNameRange   range: '>=0.1.11-0 <0.2.0-0',
459 silly addNameRange   hasData: true }
460 silly addNameRange versions [ 'grunt-scss-lint',
460 silly addNameRange   [ '0.0.1',
460 silly addNameRange     '0.0.2',
460 silly addNameRange     '0.0.3',
460 silly addNameRange     '0.0.4',
460 silly addNameRange     '0.0.5',
460 silly addNameRange     '0.0.6',
460 silly addNameRange     '0.0.7',
460 silly addNameRange     '0.0.9',
460 silly addNameRange     '0.1.0',
460 silly addNameRange     '0.1.1',
460 silly addNameRange     '0.1.2',
460 silly addNameRange     '0.1.3',
460 silly addNameRange     '0.1.4',
460 silly addNameRange     '0.1.5',
460 silly addNameRange     '0.1.6',
460 silly addNameRange     '0.1.7',
460 silly addNameRange     '0.1.8',
460 silly addNameRange     '0.1.9',
460 silly addNameRange     '0.1.10',
460 silly addNameRange     '0.1.11',
460 silly addNameRange     '0.1.12',
460 silly addNameRange     '0.3.0',
460 silly addNameRange     '0.3.1',
460 silly addNameRange     '0.3.2',
460 silly addNameRange     '0.3.3' ] ]
461 verbose addNamed [ 'grunt-scss-lint', '0.1.12' ]
462 verbose addNamed [ '0.1.12', '0.1.12' ]
463 silly lockFile 7da481ae-grunt-scss-lint-0-1-12 grunt-scss-lint@0.1.12
464 verbose lock grunt-scss-lint@0.1.12 /home/tommy/.npm/7da481ae-grunt-scss-lint-0-1-12.lock
465 silly lockFile 182f6d8a-grunt-sass-grunt-sass-0-12-1-tgz https://registry.npmjs.org/grunt-sass/-/grunt-sass-0.12.1.tgz
466 silly lockFile 182f6d8a-grunt-sass-grunt-sass-0-12-1-tgz https://registry.npmjs.org/grunt-sass/-/grunt-sass-0.12.1.tgz
467 silly lockFile cfb2b3e6-grunt-sass-0-12-1 grunt-sass@0.12.1
468 silly lockFile cfb2b3e6-grunt-sass-0-12-1 grunt-sass@0.12.1
469 silly lockFile ac6bff79-grunt-sass-0-12-1 grunt-sass@~0.12.1
470 silly lockFile ac6bff79-grunt-sass-0-12-1 grunt-sass@~0.12.1
471 silly lockFile 380bc4a7-grunt-shell-0-6-4 grunt-shell@0.6.4
472 silly lockFile 380bc4a7-grunt-shell-0-6-4 grunt-shell@0.6.4
473 silly lockFile b4149749-grunt-shell-0-6-1 grunt-shell@~0.6.1
474 silly lockFile b4149749-grunt-shell-0-6-1 grunt-shell@~0.6.1
475 silly lockFile 702d227c-n-grunt-contrib-cssmin-0-7-0-tgz https://registry.npmjs.org/grunt-contrib-cssmin/-/grunt-contrib-cssmin-0.7.0.tgz
476 silly lockFile 702d227c-n-grunt-contrib-cssmin-0-7-0-tgz https://registry.npmjs.org/grunt-contrib-cssmin/-/grunt-contrib-cssmin-0.7.0.tgz
477 silly lockFile 90f282d3-y-grunt-contrib-uglify-0-2-7-tgz https://registry.npmjs.org/grunt-contrib-uglify/-/grunt-contrib-uglify-0.2.7.tgz
478 silly lockFile 90f282d3-y-grunt-contrib-uglify-0-2-7-tgz https://registry.npmjs.org/grunt-contrib-uglify/-/grunt-contrib-uglify-0.2.7.tgz
479 silly lockFile e32996d4-grunt-contrib-cssmin-0-7-0 grunt-contrib-cssmin@0.7.0
480 silly lockFile e32996d4-grunt-contrib-cssmin-0-7-0 grunt-contrib-cssmin@0.7.0
481 silly lockFile 480328f6-grunt-contrib-uglify-0-2-7 grunt-contrib-uglify@0.2.7
482 silly lockFile 480328f6-grunt-contrib-uglify-0-2-7 grunt-contrib-uglify@0.2.7
483 silly lockFile 77b758e3-grunt-contrib-cssmin-0-7-0 grunt-contrib-cssmin@~0.7.0
484 silly lockFile 77b758e3-grunt-contrib-cssmin-0-7-0 grunt-contrib-cssmin@~0.7.0
485 silly lockFile dcf05dfd-grunt-contrib-uglify-0-2-4 grunt-contrib-uglify@~0.2.4
486 silly lockFile dcf05dfd-grunt-contrib-uglify-0-2-4 grunt-contrib-uglify@~0.2.4
487 silly lockFile 011f4eab-time-grunt-0-3-2 time-grunt@0.3.2
488 silly lockFile 011f4eab-time-grunt-0-3-2 time-grunt@0.3.2
489 silly lockFile c6fdd19d-time-grunt-0-3-1 time-grunt@^0.3.1
490 silly lockFile c6fdd19d-time-grunt-0-3-1 time-grunt@^0.3.1
491 silly lockFile 7da481ae-grunt-scss-lint-0-1-12 grunt-scss-lint@0.1.12
492 silly lockFile 7da481ae-grunt-scss-lint-0-1-12 grunt-scss-lint@0.1.12
493 silly lockFile 8025b608-grunt-scss-lint-0-1-11 grunt-scss-lint@^0.1.11
494 silly lockFile 8025b608-grunt-scss-lint-0-1-11 grunt-scss-lint@^0.1.11
495 http 200 https://registry.npmjs.org/grunt
496 silly registry.get cb [ 200,
496 silly registry.get   { date: 'Tue, 30 Sep 2014 17:36:36 GMT',
496 silly registry.get     server: 'CouchDB/1.5.0 (Erlang OTP/R16B03)',
496 silly registry.get     etag: '"DYD0E6UOPPQDANT0A5P6ZIT8R"',
496 silly registry.get     'content-type': 'application/json',
496 silly registry.get     'cache-control': 'max-age=60',
496 silly registry.get     'content-length': '86871',
496 silly registry.get     'accept-ranges': 'bytes',
496 silly registry.get     via: '1.1 varnish',
496 silly registry.get     age: '3108',
496 silly registry.get     'x-served-by': 'cache-atl6224-ATL',
496 silly registry.get     'x-cache': 'HIT',
496 silly registry.get     'x-cache-hits': '1',
496 silly registry.get     'x-timer': 'S1412098595.886041,VS0,VE315',
496 silly registry.get     vary: 'Accept',
496 silly registry.get     'keep-alive': 'timeout=10, max=50',
496 silly registry.get     connection: 'Keep-Alive' } ]
497 silly addNameRange number 2 { name: 'grunt', range: '>=0.4.1-0 <0.5.0-0', hasData: true }
498 silly addNameRange versions [ 'grunt',
498 silly addNameRange   [ '0.1.0',
498 silly addNameRange     '0.1.1',
498 silly addNameRange     '0.1.2',
498 silly addNameRange     '0.2.0',
498 silly addNameRange     '0.2.1',
498 silly addNameRange     '0.2.2',
498 silly addNameRange     '0.2.3',
498 silly addNameRange     '0.2.4',
498 silly addNameRange     '0.2.5',
498 silly addNameRange     '0.2.6',
498 silly addNameRange     '0.2.7',
498 silly addNameRange     '0.2.8',
498 silly addNameRange     '0.2.9',
498 silly addNameRange     '0.2.10',
498 silly addNameRange     '0.2.11',
498 silly addNameRange     '0.2.12',
498 silly addNameRange     '0.2.13',
498 silly addNameRange     '0.2.14',
498 silly addNameRange     '0.2.15',
498 silly addNameRange     '0.3.0',
498 silly addNameRange     '0.3.1',
498 silly addNameRange     '0.3.2',
498 silly addNameRange     '0.3.3',
498 silly addNameRange     '0.3.4',
498 silly addNameRange     '0.3.5',
498 silly addNameRange     '0.3.6',
498 silly addNameRange     '0.3.7',
498 silly addNameRange     '0.3.8',
498 silly addNameRange     '0.3.9',
498 silly addNameRange     '0.3.10',
498 silly addNameRange     '0.3.11',
498 silly addNameRange     '0.3.12',
498 silly addNameRange     '0.3.13',
498 silly addNameRange     '0.3.14',
498 silly addNameRange     '0.3.15',
498 silly addNameRange     '0.3.16',
498 silly addNameRange     '0.3.17',
498 silly addNameRange     '0.4.0',
498 silly addNameRange     '0.4.1',
498 silly addNameRange     '0.4.2',
498 silly addNameRange     '0.4.3',
498 silly addNameRange     '0.4.4',
498 silly addNameRange     '0.4.5',
498 silly addNameRange     '0.3.13-a',
498 silly addNameRange     '0.4.0-a',
498 silly addNameRange     '0.4.0-rc1',
498 silly addNameRange     '0.4.0-rc2',
498 silly addNameRange     '0.4.0-rc3',
498 silly addNameRange     '0.4.0-rc4',
498 silly addNameRange     '0.4.0-rc5',
498 silly addNameRange     '0.4.0-rc6',
498 silly addNameRange     '0.4.0-rc7',
498 silly addNameRange     '0.4.0-rc8' ] ]
499 verbose addNamed [ 'grunt', '0.4.5' ]
500 verbose addNamed [ '0.4.5', '0.4.5' ]
501 silly lockFile 81abf7ad-grunt-0-4-5 grunt@0.4.5
502 verbose lock grunt@0.4.5 /home/tommy/.npm/81abf7ad-grunt-0-4-5.lock
503 http 200 https://registry.npmjs.org/load-grunt-config
504 silly registry.get cb [ 200,
504 silly registry.get   { date: 'Tue, 30 Sep 2014 17:36:36 GMT',
504 silly registry.get     server: 'CouchDB/1.5.0 (Erlang OTP/R16B03)',
504 silly registry.get     etag: '"55XF7VPEW5J458Q2UXABG5W3F"',
504 silly registry.get     'content-type': 'application/json',
504 silly registry.get     'cache-control': 'max-age=60',
504 silly registry.get     'content-length': '33333',
504 silly registry.get     'accept-ranges': 'bytes',
504 silly registry.get     via: '1.1 varnish',
504 silly registry.get     age: '1678',
504 silly registry.get     'x-served-by': 'cache-jfk1026-JFK',
504 silly registry.get     'x-cache': 'HIT',
504 silly registry.get     'x-cache-hits': '1',
504 silly registry.get     'x-timer': 'S1412098595.981202,VS0,VE350',
504 silly registry.get     vary: 'Accept',
504 silly registry.get     'keep-alive': 'timeout=10, max=49',
504 silly registry.get     connection: 'Keep-Alive' } ]
505 silly addNameRange number 2 { name: 'load-grunt-config',
505 silly addNameRange   range: '>=0.8.0-0 <0.9.0-0',
505 silly addNameRange   hasData: true }
506 silly addNameRange versions [ 'load-grunt-config',
506 silly addNameRange   [ '0.3.0',
506 silly addNameRange     '0.3.1',
506 silly addNameRange     '0.4.0',
506 silly addNameRange     '0.4.1',
506 silly addNameRange     '0.5.0',
506 silly addNameRange     '0.6.0',
506 silly addNameRange     '0.6.1',
506 silly addNameRange     '0.7.0',
506 silly addNameRange     '0.7.1',
506 silly addNameRange     '0.7.2',
506 silly addNameRange     '0.8.0-beta.1',
506 silly addNameRange     '0.8.0-beta.2',
506 silly addNameRange     '0.8.0',
506 silly addNameRange     '0.9.0',
506 silly addNameRange     '0.9.1',
506 silly addNameRange     '0.9.2',
506 silly addNameRange     '0.10.0-beta.1',
506 silly addNameRange     '0.10.0',
506 silly addNameRange     '0.11.0',
506 silly addNameRange     '0.12.0',
506 silly addNameRange     '0.13.0',
506 silly addNameRange     '0.13.1' ] ]
507 verbose addNamed [ 'load-grunt-config', '0.8.0' ]
508 verbose addNamed [ '0.8.0', '0.8.0' ]
509 silly lockFile 4d2ab344-load-grunt-config-0-8-0 load-grunt-config@0.8.0
510 verbose lock load-grunt-config@0.8.0 /home/tommy/.npm/4d2ab344-load-grunt-config-0-8-0.lock
511 silly lockFile 81abf7ad-grunt-0-4-5 grunt@0.4.5
512 silly lockFile 81abf7ad-grunt-0-4-5 grunt@0.4.5
513 silly lockFile 766a3bd3-grunt-0-4-1 grunt@~0.4.1
514 silly lockFile 766a3bd3-grunt-0-4-1 grunt@~0.4.1
515 silly lockFile 4d2ab344-load-grunt-config-0-8-0 load-grunt-config@0.8.0
516 silly lockFile 4d2ab344-load-grunt-config-0-8-0 load-grunt-config@0.8.0
517 silly lockFile 0b582b94-load-grunt-config-0-8-0 load-grunt-config@^0.8.0
518 silly lockFile 0b582b94-load-grunt-config-0-8-0 load-grunt-config@^0.8.0
519 error Error: EACCES, mkdir '/home/tommy/.npm/grunt-sass/0.12.1'
519 error  { [Error: EACCES, mkdir '/home/tommy/.npm/grunt-sass/0.12.1']
519 error   errno: 3,
519 error   code: 'EACCES',
519 error   path: '/home/tommy/.npm/grunt-sass/0.12.1',
519 error   parent: 'dosomething-blog' }
520 error Please try running this command again as root/Administrator.
521 error System Linux 3.13.0-36-generic
522 error command "/usr/bin/node" "/usr/bin/npm" "install"
523 error cwd /home/tommy/workspace/dosomething-blog/wp-content/themes/dosomething-blog
524 error node -v v0.10.32
525 error npm -v 1.4.28
526 error path /home/tommy/.npm/grunt-sass/0.12.1
527 error code EACCES
528 error errno 3
529 error stack Error: EACCES, mkdir '/home/tommy/.npm/grunt-sass/0.12.1'
530 verbose exit [ 3, true ]
